2018-01-30 12:04:49,315 INFO s.SOAPConsole [main] WebServiceRequest#SendMessage: file=not-existing-file.xml required from user=avonva in test environment
2018-01-30 12:04:49,329 INFO s.SOAPConsole [main] WebServiceRequest#GetCataloguesList required from user=avonva in test environment
2018-01-30 12:04:52,394 INFO s.SOAPConsole [main] WebServiceResponse#GetCataloguesList: response received
2018-01-30 12:04:52,405 INFO s.SOAPConsole [main] WebServiceRequest#ExportCatalogueFile: export last internal version of catalogue=not-existing-code required from user=avonva in test environment
2018-01-30 12:04:53,428 ERROR s.SOAPRequest [main] SOAPRequest#writeXmlIntoFile: No attachment found!
2018-01-30 12:04:53,443 INFO s.SOAPConsole [main] WebServiceRequest#GetFile: resourceId=05_220 required from user=avonva in test environment
2018-01-30 12:04:54,394 INFO s.SOAPConsole [main] WebServiceResponse#GetFile: response received
2018-01-30 12:04:54,402 INFO s.SOAPConsole [main] WebServiceRequest#GetFile: resourceId=38864 required from user=avonva in test environment
2018-01-30 12:04:55,258 INFO s.SOAPConsole [main] WebServiceResponse#GetFile: response received
2018-01-30 12:04:55,270 INFO s.SOAPConsole [main] WebServiceRequest#GetResourcesList: dcCode=not-existing-code required from user=avonva in test environment
2018-01-30 12:04:56,270 ERROR s.GetList [main] GetList: no return node was found in the soap response
2018-01-30 12:04:56,270 INFO s.SOAPConsole [main] WebServiceResponse#GetResourcesList: response received
2018-01-30 12:04:56,279 INFO s.SOAPConsole [main] WebServiceRequest#GetAck: messageId=1920392302 required from user=avonva in test environment
2018-01-30 12:04:57,396 ERROR s.GetAck [main] No state found for message: 1920392302
2018-01-30 12:04:57,396 INFO s.SOAPConsole [main] WebServiceResponse#GetAck: response received
2018-01-30 12:04:57,403 INFO s.SOAPConsole [main] WebServiceRequest#ExportCatalogueFile: export last internal version of catalogue=MTX required from user=avonva in test environment
2018-01-30 12:05:36,147 INFO d.LogDownloader [main] Getting log=20180103_001_WS, attempt n°=1/10
2018-01-30 12:05:36,149 INFO s.SOAPConsole [main] WebServiceRequest#ExportCatalogueFile: export log=20180103_001_WS required from user=avonva in test environment
2018-01-30 12:05:43,258 ERROR s.SOAPRequest [main] SOAPRequest#writeXmlIntoFile: No attachment found!
2018-01-30 12:05:43,258 INFO d.LogDownloader [main] Log=20180103_001_WS not available yet in DCF
2018-01-30 12:05:43,259 INFO d.LogDownloader [main] Waiting 2.0 seconds and then retry to download log=20180103_001_WS
2018-01-30 12:05:45,259 INFO d.LogDownloader [main] Getting log=20180103_001_WS, attempt n°=2/10
2018-01-30 12:05:45,264 INFO s.SOAPConsole [main] WebServiceRequest#ExportCatalogueFile: export log=20180103_001_WS required from user=avonva in test environment
2018-01-30 12:05:46,308 ERROR s.SOAPRequest [main] SOAPRequest#writeXmlIntoFile: No attachment found!
2018-01-30 12:05:46,308 INFO d.LogDownloader [main] Log=20180103_001_WS not available yet in DCF
2018-01-30 12:05:46,308 INFO d.LogDownloader [main] Waiting 2.0 seconds and then retry to download log=20180103_001_WS
2018-01-30 12:05:48,309 INFO d.LogDownloader [main] Getting log=20180103_001_WS, attempt n°=3/10
2018-01-30 12:05:48,314 INFO s.SOAPConsole [main] WebServiceRequest#ExportCatalogueFile: export log=20180103_001_WS required from user=avonva in test environment
2018-01-30 12:05:49,364 ERROR s.SOAPRequest [main] SOAPRequest#writeXmlIntoFile: No attachment found!
2018-01-30 12:05:49,364 INFO d.LogDownloader [main] Log=20180103_001_WS not available yet in DCF
2018-01-30 12:05:49,364 INFO d.LogDownloader [main] Waiting 2.0 seconds and then retry to download log=20180103_001_WS
2018-01-30 12:05:51,365 INFO d.LogDownloader [main] Getting log=20180103_001_WS, attempt n°=4/10
2018-01-30 12:05:51,370 INFO s.SOAPConsole [main] WebServiceRequest#ExportCatalogueFile: export log=20180103_001_WS required from user=avonva in test environment
2018-01-30 12:05:52,421 ERROR s.SOAPRequest [main] SOAPRequest#writeXmlIntoFile: No attachment found!
2018-01-30 12:05:52,421 INFO d.LogDownloader [main] Log=20180103_001_WS not available yet in DCF
2018-01-30 12:05:52,422 INFO d.LogDownloader [main] Waiting 2.0 seconds and then retry to download log=20180103_001_WS
2018-01-30 12:05:54,422 INFO d.LogDownloader [main] Getting log=20180103_001_WS, attempt n°=5/10
2018-01-30 12:05:54,428 INFO s.SOAPConsole [main] WebServiceRequest#ExportCatalogueFile: export log=20180103_001_WS required from user=avonva in test environment
2018-01-30 12:05:55,451 ERROR s.SOAPRequest [main] SOAPRequest#writeXmlIntoFile: No attachment found!
2018-01-30 12:05:55,451 INFO d.LogDownloader [main] Log=20180103_001_WS not available yet in DCF
2018-01-30 12:05:55,452 INFO d.LogDownloader [main] Waiting 2.0 seconds and then retry to download log=20180103_001_WS
2018-01-30 12:05:57,452 INFO d.LogDownloader [main] Getting log=20180103_001_WS, attempt n°=6/10
2018-01-30 12:05:57,458 INFO s.SOAPConsole [main] WebServiceRequest#ExportCatalogueFile: export log=20180103_001_WS required from user=avonva in test environment
2018-01-30 12:05:58,490 ERROR s.SOAPRequest [main] SOAPRequest#writeXmlIntoFile: No attachment found!
2018-01-30 12:05:58,491 INFO d.LogDownloader [main] Log=20180103_001_WS not available yet in DCF
2018-01-30 12:05:58,491 INFO d.LogDownloader [main] Waiting 2.0 seconds and then retry to download log=20180103_001_WS
2018-01-30 12:06:00,491 INFO d.LogDownloader [main] Getting log=20180103_001_WS, attempt n°=7/10
2018-01-30 12:06:00,497 INFO s.SOAPConsole [main] WebServiceRequest#ExportCatalogueFile: export log=20180103_001_WS required from user=avonva in test environment
2018-01-30 12:06:01,522 ERROR s.SOAPRequest [main] SOAPRequest#writeXmlIntoFile: No attachment found!
2018-01-30 12:06:01,522 INFO d.LogDownloader [main] Log=20180103_001_WS not available yet in DCF
2018-01-30 12:06:01,522 INFO d.LogDownloader [main] Waiting 2.0 seconds and then retry to download log=20180103_001_WS
2018-01-30 12:06:03,523 INFO d.LogDownloader [main] Getting log=20180103_001_WS, attempt n°=8/10
2018-01-30 12:06:03,530 INFO s.SOAPConsole [main] WebServiceRequest#ExportCatalogueFile: export log=20180103_001_WS required from user=avonva in test environment
2018-01-30 12:06:05,390 ERROR s.SOAPRequest [main] SOAPRequest#writeXmlIntoFile: No attachment found!
2018-01-30 12:06:05,390 INFO d.LogDownloader [main] Log=20180103_001_WS not available yet in DCF
2018-01-30 12:06:05,391 INFO d.LogDownloader [main] Waiting 2.0 seconds and then retry to download log=20180103_001_WS
2018-01-30 12:06:07,391 INFO d.LogDownloader [main] Getting log=20180103_001_WS, attempt n°=9/10
2018-01-30 12:06:07,397 INFO s.SOAPConsole [main] WebServiceRequest#ExportCatalogueFile: export log=20180103_001_WS required from user=avonva in test environment
2018-01-30 12:06:08,413 ERROR s.SOAPRequest [main] SOAPRequest#writeXmlIntoFile: No attachment found!
2018-01-30 12:06:08,414 INFO d.LogDownloader [main] Log=20180103_001_WS not available yet in DCF
2018-01-30 12:06:08,415 INFO d.LogDownloader [main] Waiting 2.0 seconds and then retry to download log=20180103_001_WS
2018-01-30 12:06:10,415 INFO d.LogDownloader [main] Getting log=20180103_001_WS, attempt n°=10/10
2018-01-30 12:06:10,418 INFO s.SOAPConsole [main] WebServiceRequest#ExportCatalogueFile: export log=20180103_001_WS required from user=avonva in test environment
2018-01-30 12:06:11,329 ERROR s.SOAPRequest [main] SOAPRequest#writeXmlIntoFile: No attachment found!
2018-01-30 12:06:11,331 INFO d.LogDownloader [main] Log=20180103_001_WS not available yet in DCF
2018-01-30 12:06:11,343 INFO s.SOAPConsole [main] WebServiceRequest#GetDatasetsList: dcCode=TSE.TEST required from user=avonva in test environment
2018-01-30 12:06:11,435 INFO s.SOAPConsole [main] WebServiceResponse#GetDatasetsList: response received
2018-01-30 12:06:11,438 INFO s.SOAPConsole [main] WebServiceRequest#ExportCatalogueFile: export last published version of catalogue=not-existing-code required from user=avonva in test environment
2018-01-30 12:06:12,368 ERROR s.SOAPRequest [main] SOAPRequest#writeXmlIntoFile: No attachment found!
2018-01-30 12:06:12,376 INFO s.SOAPConsole [main] WebServiceRequest#Ping required from user=wrong-username in test environment
2018-01-30 12:06:13,389 INFO s.SOAPConsole [main] WebServiceRequest#SendMessage: file=test-files\submit.xml required from user=avonva in test environment
2018-01-30 12:06:22,575 INFO s.SOAPConsole [main] WebServiceResponse#SendMessage: response received
2018-01-30 12:06:22,588 INFO s.SOAPConsole [main] WebServiceRequest#UploadCatalogueFile: attachment=<?xml version="1.0" encoding="UTF-8"?>
<message xmlns:xsi="http://www.w3.org/2001/XMLSchema-instance" xsi:noNamespaceSchemaLocation="file:///D:/cat_xsd/UploadCatalogue.xsd">
       <updateCatalogue catalogueCode="YESNO">
		<unreserve>
			<reservationNote>Test with DCF webservice framework</reservationNote>
		</unreserve>      
       </updateCatalogue>
</message>
 required from user=avonva in test environment
2018-01-30 12:06:29,766 INFO s.SOAPConsole [main] WebServiceResponse#UploadCatalogueFile: response received
2018-01-30 12:06:29,773 INFO s.SOAPConsole [main] WebServiceRequest#GetDataset: datasetId=not-existing-code required from user=avonva in test environment
2018-01-30 12:06:29,884 INFO s.SOAPConsole [main] WebServiceResponse#GetDataset: response received
2018-01-30 12:06:29,887 INFO s.SOAPConsole [main] WebServiceRequest#Ping required from user=avonva in test environment
2018-01-30 12:06:30,891 INFO s.SOAPConsole [main] WebServiceResponse#Ping: response received
2018-01-30 12:06:30,899 INFO s.SOAPConsole [main] WebServiceRequest#ExportCatalogueFile: export last published version of catalogue=ABUNDANCE required from user=avonva in test environment
2018-01-30 12:06:32,075 INFO d.LogDownloader [main] Getting log=not-existing-code, attempt n°=1/10
2018-01-30 12:06:32,079 INFO s.SOAPConsole [main] WebServiceRequest#ExportCatalogueFile: export log=not-existing-code required from user=avonva in test environment
2018-01-30 12:06:33,015 ERROR s.SOAPRequest [main] SOAPRequest#writeXmlIntoFile: No attachment found!
2018-01-30 12:06:33,016 INFO d.LogDownloader [main] Log=not-existing-code not available yet in DCF
2018-01-30 12:06:33,016 INFO d.LogDownloader [main] Waiting 2.0 seconds and then retry to download log=not-existing-code
2018-01-30 12:06:35,016 INFO d.LogDownloader [main] Getting log=not-existing-code, attempt n°=2/10
2018-01-30 12:06:35,022 INFO s.SOAPConsole [main] WebServiceRequest#ExportCatalogueFile: export log=not-existing-code required from user=avonva in test environment
2018-01-30 12:06:36,041 ERROR s.SOAPRequest [main] SOAPRequest#writeXmlIntoFile: No attachment found!
2018-01-30 12:06:36,041 INFO d.LogDownloader [main] Log=not-existing-code not available yet in DCF
2018-01-30 12:06:36,041 INFO d.LogDownloader [main] Waiting 2.0 seconds and then retry to download log=not-existing-code
2018-01-30 12:06:38,042 INFO d.LogDownloader [main] Getting log=not-existing-code, attempt n°=3/10
2018-01-30 12:06:38,047 INFO s.SOAPConsole [main] WebServiceRequest#ExportCatalogueFile: export log=not-existing-code required from user=avonva in test environment
2018-01-30 12:06:39,089 ERROR s.SOAPRequest [main] SOAPRequest#writeXmlIntoFile: No attachment found!
2018-01-30 12:06:39,089 INFO d.LogDownloader [main] Log=not-existing-code not available yet in DCF
2018-01-30 12:06:39,089 INFO d.LogDownloader [main] Waiting 2.0 seconds and then retry to download log=not-existing-code
2018-01-30 12:06:41,089 INFO d.LogDownloader [main] Getting log=not-existing-code, attempt n°=4/10
2018-01-30 12:06:41,094 INFO s.SOAPConsole [main] WebServiceRequest#ExportCatalogueFile: export log=not-existing-code required from user=avonva in test environment
2018-01-30 12:06:42,121 ERROR s.SOAPRequest [main] SOAPRequest#writeXmlIntoFile: No attachment found!
2018-01-30 12:06:42,122 INFO d.LogDownloader [main] Log=not-existing-code not available yet in DCF
2018-01-30 12:06:42,123 INFO d.LogDownloader [main] Waiting 2.0 seconds and then retry to download log=not-existing-code
2018-01-30 12:06:44,123 INFO d.LogDownloader [main] Getting log=not-existing-code, attempt n°=5/10
2018-01-30 12:06:44,127 INFO s.SOAPConsole [main] WebServiceRequest#ExportCatalogueFile: export log=not-existing-code required from user=avonva in test environment
2018-01-30 12:06:45,222 ERROR s.SOAPRequest [main] SOAPRequest#writeXmlIntoFile: No attachment found!
2018-01-30 12:06:45,222 INFO d.LogDownloader [main] Log=not-existing-code not available yet in DCF
2018-01-30 12:06:45,223 INFO d.LogDownloader [main] Waiting 2.0 seconds and then retry to download log=not-existing-code
2018-01-30 12:06:47,223 INFO d.LogDownloader [main] Getting log=not-existing-code, attempt n°=6/10
2018-01-30 12:06:47,228 INFO s.SOAPConsole [main] WebServiceRequest#ExportCatalogueFile: export log=not-existing-code required from user=avonva in test environment
2018-01-30 12:06:48,287 ERROR s.SOAPRequest [main] SOAPRequest#writeXmlIntoFile: No attachment found!
2018-01-30 12:06:48,287 INFO d.LogDownloader [main] Log=not-existing-code not available yet in DCF
2018-01-30 12:06:48,288 INFO d.LogDownloader [main] Waiting 2.0 seconds and then retry to download log=not-existing-code
2018-01-30 12:06:50,288 INFO d.LogDownloader [main] Getting log=not-existing-code, attempt n°=7/10
2018-01-30 12:06:50,293 INFO s.SOAPConsole [main] WebServiceRequest#ExportCatalogueFile: export log=not-existing-code required from user=avonva in test environment
2018-01-30 12:06:51,342 ERROR s.SOAPRequest [main] SOAPRequest#writeXmlIntoFile: No attachment found!
2018-01-30 12:06:51,343 INFO d.LogDownloader [main] Log=not-existing-code not available yet in DCF
2018-01-30 12:06:51,343 INFO d.LogDownloader [main] Waiting 2.0 seconds and then retry to download log=not-existing-code
2018-01-30 12:06:53,344 INFO d.LogDownloader [main] Getting log=not-existing-code, attempt n°=8/10
2018-01-30 12:06:53,347 INFO s.SOAPConsole [main] WebServiceRequest#ExportCatalogueFile: export log=not-existing-code required from user=avonva in test environment
2018-01-30 12:06:54,361 ERROR s.SOAPRequest [main] SOAPRequest#writeXmlIntoFile: No attachment found!
2018-01-30 12:06:54,361 INFO d.LogDownloader [main] Log=not-existing-code not available yet in DCF
2018-01-30 12:06:54,361 INFO d.LogDownloader [main] Waiting 2.0 seconds and then retry to download log=not-existing-code
2018-01-30 12:06:56,361 INFO d.LogDownloader [main] Getting log=not-existing-code, attempt n°=9/10
2018-01-30 12:06:56,367 INFO s.SOAPConsole [main] WebServiceRequest#ExportCatalogueFile: export log=not-existing-code required from user=avonva in test environment
2018-01-30 12:06:57,408 ERROR s.SOAPRequest [main] SOAPRequest#writeXmlIntoFile: No attachment found!
2018-01-30 12:06:57,408 INFO d.LogDownloader [main] Log=not-existing-code not available yet in DCF
2018-01-30 12:06:57,408 INFO d.LogDownloader [main] Waiting 2.0 seconds and then retry to download log=not-existing-code
2018-01-30 12:06:59,409 INFO d.LogDownloader [main] Getting log=not-existing-code, attempt n°=10/10
2018-01-30 12:06:59,413 INFO s.SOAPConsole [main] WebServiceRequest#ExportCatalogueFile: export log=not-existing-code required from user=avonva in test environment
2018-01-30 12:07:06,486 ERROR s.SOAPRequest [main] SOAPRequest#writeXmlIntoFile: No attachment found!
2018-01-30 12:07:06,487 INFO d.LogDownloader [main] Log=not-existing-code not available yet in DCF
2018-01-30 12:07:06,495 INFO s.SOAPConsole [main] WebServiceRequest#GetResourcesList: dcCode=TSE.TEST required from user=avonva in test environment
2018-01-30 12:07:07,632 ERROR s.GetList [main] GetList: no return node was found in the soap response
2018-01-30 12:07:07,633 INFO s.SOAPConsole [main] WebServiceResponse#GetResourcesList: response received
2018-01-30 12:07:07,642 INFO s.SOAPConsole [main] WebServiceRequest#GetDataCollectionsList required from user=avonva in test environment
2018-01-30 12:07:08,642 INFO s.SOAPConsole [main] WebServiceResponse#GetDataCollectionsList: response received
2018-01-30 12:07:08,647 INFO s.SOAPConsole [main] WebServiceRequest#GetDatasetsList: dcCode=not-existing-code required from user=avonva in test environment
2018-01-30 12:07:08,757 INFO s.SOAPConsole [main] WebServiceResponse#GetDatasetsList: response received
2018-01-30 12:07:08,763 INFO s.SOAPConsole [main] WebServiceRequest#GetAck: messageId=25053 required from user=avonva in test environment
2018-01-30 12:07:09,791 ERROR s.GetAck [main] No state found for message: 25053
2018-01-30 12:07:09,791 INFO s.SOAPConsole [main] WebServiceResponse#GetAck: response received
2018-01-30 12:07:09,815 INFO s.SOAPConsole [main] WebServiceRequest#GetFile: resourceId=not-existing-code required from user=avonva in test environment
2018-01-30 12:07:11,380 INFO s.SOAPConsole [main] WebServiceResponse#GetFile: response received
2018-01-30 12:07:11,388 INFO s.SOAPConsole [main] WebServiceRequest#ExportCatalogueFile: export log=20180103_001_WS required from user=avonva in test environment
2018-01-30 12:07:12,969 ERROR s.SOAPRequest [main] SOAPRequest#writeXmlIntoFile: No attachment found!
2018-01-30 12:07:12,972 INFO s.SOAPConsole [main] WebServiceRequest#GetDataset: datasetId=11753 required from user=avonva in test environment
2018-01-30 12:07:13,068 INFO s.SOAPConsole [main] WebServiceResponse#GetDataset: response received
2018-01-30 12:07:13,072 INFO s.SOAPConsole [main] WebServiceRequest#Ping required from user=wrong-username in test environment
2018-01-30 12:07:14,040 INFO s.SOAPConsole [main] WebServiceRequest#ExportCatalogueFile: export log=not-existing-code required from user=avonva in test environment
2018-01-30 12:07:14,977 ERROR s.SOAPRequest [main] SOAPRequest#writeXmlIntoFile: No attachment found!
