2018-01-30 13:35:56,881 INFO s.SOAPConsole [main] WebServiceRequest#SendMessage: file=not-existing-file.xml required from user=avonva in test environment
2018-01-30 13:35:56,893 INFO s.SOAPConsole [main] WebServiceRequest#GetCataloguesList required from user=avonva in test environment
2018-01-30 13:36:00,019 INFO s.SOAPConsole [main] WebServiceResponse#GetCataloguesList: response received
2018-01-30 13:36:00,032 INFO s.SOAPConsole [main] WebServiceRequest#GetFile: resourceId=05_220 required from user=avonva in test environment
2018-01-30 13:36:01,213 INFO s.SOAPConsole [main] WebServiceResponse#GetFile: response received
2018-01-30 13:36:01,222 INFO s.SOAPConsole [main] WebServiceRequest#GetFile: resourceId=38864 required from user=avonva in test environment
2018-01-30 13:36:02,255 INFO s.SOAPConsole [main] WebServiceResponse#GetFile: response received
2018-01-30 13:36:02,282 INFO s.SOAPConsole [main] WebServiceRequest#UploadCatalogueFile: attachment=<?xml version="1.0" encoding="UTF-8"?><message xmlns:xsi="http://www.w3.org/2001/XMLSchema-instance" xsi:noNamespaceSchemaLocation="file:///D:/cat_xsd/UploadCatalogue.xsd"><updateCatalogue catalogueCode="not-existing-code"><reserveMajor><reservationNote>JUnit test case DCF webservices</reservationNote></reserveMajor></updateCatalogue></message> required from user=avonva in test environment
2018-01-30 13:36:09,634 INFO s.SOAPConsole [main] WebServiceResponse#UploadCatalogueFile: response received
2018-01-30 13:36:09,638 INFO p.PendingRequest [main] Starting pending request=pending_request.PendingRequest@7494f96a
2018-01-30 13:36:09,640 INFO d.LogDownloader [main] Getting log=20180130_005_WS, attempt n°=1/12
2018-01-30 13:36:09,644 INFO s.SOAPConsole [main] WebServiceRequest#ExportCatalogueFile: export log=20180130_005_WS required from user=avonva in test environment
2018-01-30 13:36:10,695 INFO s.SOAPConsole [main] WebServiceRequest#ExportCatalogueFile: export last internal version of catalogue=ACTION required from user=avonva in test environment
2018-01-30 13:36:11,837 INFO d.LogDownloader [main] Getting log=20180130_001_WS, attempt n°=1/10
2018-01-30 13:36:11,839 INFO s.SOAPConsole [main] WebServiceRequest#ExportCatalogueFile: export log=20180130_001_WS required from user=avonva in test environment
2018-01-30 13:36:12,931 INFO s.SOAPConsole [main] WebServiceRequest#UploadCatalogueFile: attachment=<?xml version="1.0" encoding="UTF-8"?><message xmlns:xsi="http://www.w3.org/2001/XMLSchema-instance" xsi:noNamespaceSchemaLocation="file:///D:/cat_xsd/UploadCatalogue.xsd"><updateCatalogue catalogueCode="not-existing-code"><reserveMinor><reservationNote>JUnit test case DCF webservices</reservationNote></reserveMinor></updateCatalogue></message> required from user=avonva in test environment
2018-01-30 13:36:14,052 INFO s.SOAPConsole [main] WebServiceResponse#UploadCatalogueFile: response received
2018-01-30 13:36:14,053 INFO p.PendingRequest [main] Starting pending request=pending_request.PendingRequest@5c90e579
2018-01-30 13:36:14,053 INFO d.LogDownloader [main] Getting log=20180130_006_WS, attempt n°=1/12
2018-01-30 13:36:14,060 INFO s.SOAPConsole [main] WebServiceRequest#ExportCatalogueFile: export log=20180130_006_WS required from user=avonva in test environment
2018-01-30 13:36:15,171 INFO s.SOAPConsole [main] WebServiceRequest#UploadCatalogueFile: attachment=<?xml version="1.0" encoding="UTF-8"?><message xmlns:xsi="http://www.w3.org/2001/XMLSchema-instance" xsi:noNamespaceSchemaLocation="file:///D:/cat_xsd/UploadCatalogue.xsd"><updateCatalogue catalogueCode="not-existing-code"><unreserve><reservationNote>JUnit test case DCF webservices</reservationNote></unreserve></updateCatalogue></message> required from user=avonva in test environment
2018-01-30 13:36:16,372 INFO s.SOAPConsole [main] WebServiceResponse#UploadCatalogueFile: response received
2018-01-30 13:36:16,372 INFO p.PendingRequest [main] Starting pending request=pending_request.PendingRequest@2d2ffcb7
2018-01-30 13:36:16,373 INFO d.LogDownloader [main] Getting log=20180130_007_WS, attempt n°=1/12
2018-01-30 13:36:16,375 INFO s.SOAPConsole [main] WebServiceRequest#ExportCatalogueFile: export log=20180130_007_WS required from user=avonva in test environment
2018-01-30 13:36:17,220 INFO s.SOAPConsole [main] WebServiceRequest#GetDatasetsList: dcCode=TSE.TEST required from user=avonva in test environment
2018-01-30 13:36:18,140 INFO s.SOAPConsole [main] WebServiceResponse#GetDatasetsList: response received
2018-01-30 13:36:18,147 INFO s.SOAPConsole [main] WebServiceRequest#Ping required from user=wrong-username in test environment
2018-01-30 13:36:20,297 INFO s.SOAPConsole [main] WebServiceRequest#SendMessage: file=test-files\submit.xml required from user=avonva in test environment
2018-01-30 13:36:29,426 INFO s.SOAPConsole [main] WebServiceResponse#SendMessage: response received
2018-01-30 13:36:29,433 INFO s.SOAPConsole [main] WebServiceRequest#UploadCatalogueFile: attachment=<?xml version="1.0" encoding="UTF-8"?><message xmlns:xsi="http://www.w3.org/2001/XMLSchema-instance" xsi:noNamespaceSchemaLocation="file:///D:/cat_xsd/UploadCatalogue.xsd"><updateCatalogue catalogueCode="not-existing-code"><reserveMajor><reservationNote>null</reservationNote></reserveMajor></updateCatalogue></message> required from user=avonva in test environment
2018-01-30 13:36:30,931 INFO s.SOAPConsole [main] WebServiceResponse#UploadCatalogueFile: response received
2018-01-30 13:36:30,932 INFO p.PendingRequest [main] Starting pending request=pending_request.PendingRequest@548e6d58
2018-01-30 13:36:30,932 INFO d.LogDownloader [main] Getting log=20180130_008_WS, attempt n°=1/12
2018-01-30 13:36:30,938 INFO s.SOAPConsole [main] WebServiceRequest#ExportCatalogueFile: export log=20180130_008_WS required from user=avonva in test environment
2018-01-30 13:36:32,007 INFO s.SOAPConsole [main] WebServiceRequest#UploadCatalogueFile: attachment=<?xml version="1.0" encoding="UTF-8"?>
<message xmlns:xsi="http://www.w3.org/2001/XMLSchema-instance" xsi:noNamespaceSchemaLocation="file:///D:/cat_xsd/UploadCatalogue.xsd">
       <updateCatalogue catalogueCode="YESNO">
		<unreserve>
			<reservationNote>Test with DCF webservice framework</reservationNote>
		</unreserve>      
       </updateCatalogue>
</message>
 required from user=avonva in test environment
2018-01-30 13:36:33,164 INFO s.SOAPConsole [main] WebServiceResponse#UploadCatalogueFile: response received
2018-01-30 13:36:33,170 INFO s.SOAPConsole [main] WebServiceRequest#UploadCatalogueFile: attachment=<?xml version="1.0" encoding="UTF-8"?><message xmlns:xsi="http://www.w3.org/2001/XMLSchema-instance" xsi:noNamespaceSchemaLocation="file:///D:/cat_xsd/UploadCatalogue.xsd"><updateCatalogue catalogueCode="not-existing-code"><reserveMinor><reservationNote>null</reservationNote></reserveMinor></updateCatalogue></message> required from user=avonva in test environment
2018-01-30 13:36:34,375 INFO s.SOAPConsole [main] WebServiceResponse#UploadCatalogueFile: response received
2018-01-30 13:36:34,375 INFO p.PendingRequest [main] Starting pending request=pending_request.PendingRequest@76ed1b7c
2018-01-30 13:36:34,376 INFO d.LogDownloader [main] Getting log=20180130_010_WS, attempt n°=1/12
2018-01-30 13:36:34,380 INFO s.SOAPConsole [main] WebServiceRequest#ExportCatalogueFile: export log=20180130_010_WS required from user=avonva in test environment
2018-01-30 13:36:35,462 INFO s.SOAPConsole [main] WebServiceRequest#UploadCatalogueFile: attachment=<?xml version="1.0" encoding="UTF-8"?><message xmlns:xsi="http://www.w3.org/2001/XMLSchema-instance" xsi:noNamespaceSchemaLocation="file:///D:/cat_xsd/UploadCatalogue.xsd"><updateCatalogue catalogueCode="ACTION"><unreserve><reservationNote>JUnit test case DCF webservices</reservationNote></unreserve></updateCatalogue></message> required from user=avonva in test environment
2018-01-30 13:36:36,601 INFO s.SOAPConsole [main] WebServiceResponse#UploadCatalogueFile: response received
2018-01-30 13:36:36,601 INFO p.PendingRequest [main] Starting pending request=pending_request.PendingRequest@2b4bac49
2018-01-30 13:36:36,602 INFO d.LogDownloader [main] Getting log=20180130_011_WS, attempt n°=1/12
2018-01-30 13:36:36,607 INFO s.SOAPConsole [main] WebServiceRequest#ExportCatalogueFile: export log=20180130_011_WS required from user=avonva in test environment
2018-01-30 13:36:37,715 INFO s.SOAPConsole [main] WebServiceRequest#Ping required from user=avonva in test environment
2018-01-30 13:36:38,751 INFO s.SOAPConsole [main] WebServiceResponse#Ping: response received
2018-01-30 13:36:38,759 INFO s.SOAPConsole [main] WebServiceRequest#ExportCatalogueFile: export last published version of catalogue=ABUNDANCE required from user=avonva in test environment
2018-01-30 13:36:46,069 INFO s.SOAPConsole [main] WebServiceRequest#GetResourcesList: dcCode=TSE.TEST required from user=avonva in test environment
2018-01-30 13:36:47,168 ERROR s.GetList [main] GetList: no return node was found in the soap response
2018-01-30 13:36:47,169 INFO s.SOAPConsole [main] WebServiceResponse#GetResourcesList: response received
2018-01-30 13:36:47,179 INFO s.SOAPConsole [main] WebServiceRequest#GetDataCollectionsList required from user=avonva in test environment
2018-01-30 13:36:48,177 INFO s.SOAPConsole [main] WebServiceResponse#GetDataCollectionsList: response received
2018-01-30 13:36:48,182 INFO s.SOAPConsole [main] WebServiceRequest#UploadCatalogueFile: attachment=<?xml version="1.0" encoding="UTF-8"?><message xmlns:xsi="http://www.w3.org/2001/XMLSchema-instance" xsi:noNamespaceSchemaLocation="file:///D:/cat_xsd/UploadCatalogue.xsd"><updateCatalogue catalogueCode="ACTION"><reserveMajor><reservationNote>JUnit test case DCF webservices</reservationNote></reserveMajor></updateCatalogue></message> required from user=avonva in test environment
2018-01-30 13:36:49,384 INFO s.SOAPConsole [main] WebServiceResponse#UploadCatalogueFile: response received
2018-01-30 13:36:49,385 INFO p.PendingRequest [main] Starting pending request=pending_request.PendingRequest@5ab9e72c
2018-01-30 13:36:49,385 INFO d.LogDownloader [main] Getting log=20180130_012_WS, attempt n°=1/12
2018-01-30 13:36:49,389 INFO s.SOAPConsole [main] WebServiceRequest#ExportCatalogueFile: export log=20180130_012_WS required from user=avonva in test environment
2018-01-30 13:36:50,431 ERROR s.SOAPRequest [main] SOAPRequest#writeXmlIntoFile: No attachment found!
2018-01-30 13:36:50,431 INFO d.LogDownloader [main] Log=20180130_012_WS not available yet in DCF
2018-01-30 13:36:50,431 INFO d.LogDownloader [main] Waiting 10.0 seconds and then retry to download log=20180130_012_WS
2018-01-30 13:37:00,434 INFO d.LogDownloader [main] Getting log=20180130_012_WS, attempt n°=2/12
2018-01-30 13:37:00,440 INFO s.SOAPConsole [main] WebServiceRequest#ExportCatalogueFile: export log=20180130_012_WS required from user=avonva in test environment
2018-01-30 13:37:01,387 INFO s.SOAPConsole [main] WebServiceRequest#UploadCatalogueFile: attachment=<?xml version="1.0" encoding="UTF-8"?><message xmlns:xsi="http://www.w3.org/2001/XMLSchema-instance" xsi:noNamespaceSchemaLocation="file:///D:/cat_xsd/UploadCatalogue.xsd"><updateCatalogue catalogueCode="ACTION"><reserveMinor><reservationNote>JUnit test case DCF webservices</reservationNote></reserveMinor></updateCatalogue></message> required from user=avonva in test environment
2018-01-30 13:37:02,407 INFO s.SOAPConsole [main] WebServiceResponse#UploadCatalogueFile: response received
2018-01-30 13:37:02,408 INFO p.PendingRequest [main] Starting pending request=pending_request.PendingRequest@3943a2be
2018-01-30 13:37:02,408 INFO d.LogDownloader [main] Getting log=20180130_013_WS, attempt n°=1/12
2018-01-30 13:37:02,416 INFO s.SOAPConsole [main] WebServiceRequest#ExportCatalogueFile: export log=20180130_013_WS required from user=avonva in test environment
2018-01-30 13:37:03,261 INFO s.SOAPConsole [main] WebServiceRequest#GetAck: messageId=12632 required from user=avonva in test environment
2018-01-30 13:37:06,921 INFO s.SOAPConsole [main] WebServiceResponse#GetAck: response received
2018-01-30 13:37:06,932 INFO s.SOAPConsole [main] WebServiceRequest#GetFile: resourceId=not-existing-code required from user=avonva in test environment
2018-01-30 13:37:07,844 INFO s.SOAPConsole [main] WebServiceResponse#GetFile: response received
2018-01-30 13:37:07,851 INFO s.SOAPConsole [main] WebServiceRequest#ExportCatalogueFile: export log=20180130_001_WS required from user=avonva in test environment
2018-01-30 13:37:08,884 INFO s.SOAPConsole [main] WebServiceRequest#UploadCatalogueFile: attachment=<?xml version="1.0" encoding="UTF-8"?><message xmlns:xsi="http://www.w3.org/2001/XMLSchema-instance" xsi:noNamespaceSchemaLocation="file:///D:/cat_xsd/UploadCatalogue.xsd"><updateCatalogue catalogueCode="ACTION"><reserveMajor><reservationNote>null</reservationNote></reserveMajor></updateCatalogue></message> required from user=avonva in test environment
2018-01-30 13:37:09,975 INFO s.SOAPConsole [main] WebServiceResponse#UploadCatalogueFile: response received
2018-01-30 13:37:09,975 INFO p.PendingRequest [main] Starting pending request=pending_request.PendingRequest@55f616cf
2018-01-30 13:37:09,976 INFO d.LogDownloader [main] Getting log=20180130_014_WS, attempt n°=1/12
2018-01-30 13:37:09,980 INFO s.SOAPConsole [main] WebServiceRequest#ExportCatalogueFile: export log=20180130_014_WS required from user=avonva in test environment
2018-01-30 13:37:11,034 INFO s.SOAPConsole [main] WebServiceRequest#UploadCatalogueFile: attachment=<?xml version="1.0" encoding="UTF-8"?><message xmlns:xsi="http://www.w3.org/2001/XMLSchema-instance" xsi:noNamespaceSchemaLocation="file:///D:/cat_xsd/UploadCatalogue.xsd"><updateCatalogue catalogueCode="ACTION"><reserveMinor><reservationNote>null</reservationNote></reserveMinor></updateCatalogue></message> required from user=avonva in test environment
2018-01-30 13:37:12,191 INFO s.SOAPConsole [main] WebServiceResponse#UploadCatalogueFile: response received
2018-01-30 13:37:12,191 INFO p.PendingRequest [main] Starting pending request=pending_request.PendingRequest@46fa7c39
2018-01-30 13:37:12,191 INFO d.LogDownloader [main] Getting log=20180130_015_WS, attempt n°=1/12
2018-01-30 13:37:12,196 INFO s.SOAPConsole [main] WebServiceRequest#ExportCatalogueFile: export log=20180130_015_WS required from user=avonva in test environment
2018-01-30 13:37:13,261 INFO s.SOAPConsole [main] WebServiceRequest#GetDataset: datasetId=7216 required from user=avonva in test environment
2018-01-30 13:37:22,401 INFO s.SOAPConsole [main] WebServiceResponse#GetDataset: response received
2018-01-30 13:37:22,436 INFO s.SOAPConsole [main] WebServiceRequest#Ping required from user=wrong-username in test environment
