2018-02-06 09:02:59,960 DEBUG d.LogParserHandler [main] <transmissionResult>
2018-02-06 09:02:59,976 DEBUG d.LogParserHandler [main] <action>
2018-02-06 09:02:59,976 DEBUG d.LogParserHandler [main] <action/>
2018-02-06 09:02:59,976 DEBUG d.LogParserHandler [main] <transmissionDateTime>
2018-02-06 09:02:59,976 DEBUG d.LogParserHandler [main] <transmissionDateTime/>
2018-02-06 09:02:59,976 DEBUG d.LogParserHandler [main] <processingDateTime>
2018-02-06 09:02:59,976 DEBUG d.LogParserHandler [main] <processingDateTime/>
2018-02-06 09:02:59,976 DEBUG d.LogParserHandler [main] <uploadedFileName>
2018-02-06 09:02:59,976 DEBUG d.LogParserHandler [main] <uploadedFileName/>
2018-02-06 09:02:59,976 DEBUG d.LogParserHandler [main] <catalogueCode>
2018-02-06 09:02:59,976 DEBUG d.LogParserHandler [main] <catalogueCode/>
2018-02-06 09:02:59,976 DEBUG d.LogParserHandler [main] <catalogueVersion>
2018-02-06 09:02:59,976 DEBUG d.LogParserHandler [main] <catalogueVersion/>
2018-02-06 09:02:59,976 DEBUG d.LogParserHandler [main] <catalogueStatus>
2018-02-06 09:02:59,976 DEBUG d.LogParserHandler [main] <catalogueStatus/>
2018-02-06 09:02:59,976 DEBUG d.LogParserHandler [main] <macroOperationName>
2018-02-06 09:02:59,976 DEBUG d.LogParserHandler [main] <macroOperationName/>
2018-02-06 09:02:59,976 DEBUG d.LogParserHandler [main] <macroOperationResult>
2018-02-06 09:02:59,976 DEBUG d.LogParserHandler [main] <macroOperationResult/>
2018-02-06 09:02:59,976 DEBUG d.LogParserHandler [main] <macroOperationLogs>
2018-02-06 09:02:59,976 DEBUG d.LogParserHandler [main] <operationLog>
2018-02-06 09:02:59,976 DEBUG d.LogParserHandler [main] <operationLog/>
2018-02-06 09:02:59,976 DEBUG d.LogParserHandler [main] <macroOperationLogs/>
2018-02-06 09:02:59,976 DEBUG d.LogParserHandler [main] <operations>
2018-02-06 09:02:59,976 DEBUG d.LogParserHandler [main] <operation>
2018-02-06 09:02:59,976 DEBUG d.LogParserHandler [main] <operationName>
2018-02-06 09:02:59,976 DEBUG d.LogParserHandler [main] <operationName/>
2018-02-06 09:02:59,976 DEBUG d.LogParserHandler [main] <operationResult>
2018-02-06 09:02:59,976 DEBUG d.LogParserHandler [main] <operationResult/>
2018-02-06 09:02:59,976 DEBUG d.LogParserHandler [main] <operationLogs>
2018-02-06 09:02:59,976 DEBUG d.LogParserHandler [main] <operationLogs/>
2018-02-06 09:02:59,976 DEBUG d.LogParserHandler [main] <operation/>
2018-02-06 09:02:59,976 DEBUG d.LogParserHandler [main] <operations/>
2018-02-06 09:02:59,976 DEBUG d.LogParserHandler [main] <validationErrorLogs>
2018-02-06 09:02:59,976 DEBUG d.LogParserHandler [main] <validationErrorLogs/>
2018-02-06 09:02:59,976 DEBUG d.LogParserHandler [main] <transmissionResult/>
2018-02-06 09:02:59,976 DEBUG d.LogParserHandler [main] <transmissionResult>
2018-02-06 09:02:59,976 DEBUG d.LogParserHandler [main] <action>
2018-02-06 09:02:59,976 DEBUG d.LogParserHandler [main] <action/>
2018-02-06 09:02:59,976 DEBUG d.LogParserHandler [main] <transmissionDateTime>
2018-02-06 09:02:59,976 DEBUG d.LogParserHandler [main] <transmissionDateTime/>
2018-02-06 09:02:59,976 DEBUG d.LogParserHandler [main] <processingDateTime>
2018-02-06 09:02:59,976 DEBUG d.LogParserHandler [main] <processingDateTime/>
2018-02-06 09:02:59,976 DEBUG d.LogParserHandler [main] <uploadedFileName>
2018-02-06 09:02:59,977 DEBUG d.LogParserHandler [main] <uploadedFileName/>
2018-02-06 09:02:59,977 DEBUG d.LogParserHandler [main] <catalogueCode>
2018-02-06 09:02:59,977 DEBUG d.LogParserHandler [main] <catalogueCode/>
2018-02-06 09:02:59,977 DEBUG d.LogParserHandler [main] <catalogueVersion>
2018-02-06 09:02:59,977 DEBUG d.LogParserHandler [main] <catalogueVersion/>
2018-02-06 09:02:59,977 DEBUG d.LogParserHandler [main] <catalogueStatus>
2018-02-06 09:02:59,977 DEBUG d.LogParserHandler [main] <catalogueStatus/>
2018-02-06 09:02:59,977 DEBUG d.LogParserHandler [main] <macroOperationName>
2018-02-06 09:02:59,977 DEBUG d.LogParserHandler [main] <macroOperationName/>
2018-02-06 09:02:59,977 DEBUG d.LogParserHandler [main] <macroOperationResult>
2018-02-06 09:02:59,977 DEBUG d.LogParserHandler [main] <macroOperationResult/>
2018-02-06 09:02:59,977 DEBUG d.LogParserHandler [main] <macroOperationLogs>
2018-02-06 09:02:59,977 DEBUG d.LogParserHandler [main] <operationLog>
2018-02-06 09:02:59,977 DEBUG d.LogParserHandler [main] <operationLog/>
2018-02-06 09:02:59,977 DEBUG d.LogParserHandler [main] <macroOperationLogs/>
2018-02-06 09:02:59,977 DEBUG d.LogParserHandler [main] <operations>
2018-02-06 09:02:59,977 DEBUG d.LogParserHandler [main] <operation>
2018-02-06 09:02:59,977 DEBUG d.LogParserHandler [main] <operationName>
2018-02-06 09:02:59,977 DEBUG d.LogParserHandler [main] <operationName/>
2018-02-06 09:02:59,977 DEBUG d.LogParserHandler [main] <operationResult>
2018-02-06 09:02:59,977 DEBUG d.LogParserHandler [main] <operationResult/>
2018-02-06 09:02:59,977 DEBUG d.LogParserHandler [main] <operationLogs>
2018-02-06 09:02:59,977 DEBUG d.LogParserHandler [main] <operationLogs/>
2018-02-06 09:02:59,977 DEBUG d.LogParserHandler [main] <operation/>
2018-02-06 09:02:59,977 DEBUG d.LogParserHandler [main] <operations/>
2018-02-06 09:02:59,977 DEBUG d.LogParserHandler [main] <validationErrorLogs>
2018-02-06 09:02:59,977 DEBUG d.LogParserHandler [main] <validationErrorLogs/>
2018-02-06 09:02:59,977 DEBUG d.LogParserHandler [main] <transmissionResult/>
