2018-01-30 15:41:16,662 INFO p.PendingRequest [Thread-4] Starting pending request=logCode=LOG_91446674-3a37-4758-a9b5-d7824a0137a6_WS; status=WAITING; priority=HIGH; environment=TEST; requestor=avonva; requestType=UNRESERVE; data={reserveNote=second pending request, catalogue=MTX}
2018-01-30 15:41:16,662 INFO p.PendingRequest [Thread-3] Starting pending request=logCode=LOG_3df65762-8aea-4ace-82a9-a98b2b79badf_WS; status=WAITING; priority=HIGH; environment=TEST; requestor=avonva; requestType=UNRESERVE; data={reserveNote=first pending request, catalogue=ACTION}
2018-01-30 15:41:16,667 INFO d.LogDownloader [Thread-3] Getting log=LOG_3df65762-8aea-4ace-82a9-a98b2b79badf_WS, attempt n°=1/12
2018-01-30 15:41:16,667 INFO d.LogDownloader [Thread-4] Getting log=LOG_91446674-3a37-4758-a9b5-d7824a0137a6_WS, attempt n°=1/12
2018-01-30 15:41:16,685 INFO s.SOAPConsole [Thread-4] WebServiceRequest#ExportCatalogueFile: export log=LOG_91446674-3a37-4758-a9b5-d7824a0137a6_WS required from user=avonva in test environment
2018-01-30 15:41:16,685 INFO s.SOAPConsole [Thread-3] WebServiceRequest#ExportCatalogueFile: export log=LOG_3df65762-8aea-4ace-82a9-a98b2b79badf_WS required from user=avonva in test environment
2018-01-30 15:41:24,480 ERROR s.SOAPRequest [Thread-3] SOAPRequest#writeXmlIntoFile: No attachment found!
2018-01-30 15:41:24,480 INFO d.LogDownloader [Thread-3] Log=LOG_3df65762-8aea-4ace-82a9-a98b2b79badf_WS not available yet in DCF
2018-01-30 15:41:24,480 INFO d.LogDownloader [Thread-3] Waiting 10.0 seconds and then retry to download log=LOG_3df65762-8aea-4ace-82a9-a98b2b79badf_WS
2018-01-30 15:41:24,481 ERROR s.SOAPRequest [Thread-4] SOAPRequest#writeXmlIntoFile: No attachment found!
2018-01-30 15:41:24,481 INFO d.LogDownloader [Thread-4] Log=LOG_91446674-3a37-4758-a9b5-d7824a0137a6_WS not available yet in DCF
2018-01-30 15:41:24,483 INFO d.LogDownloader [Thread-4] Waiting 10.0 seconds and then retry to download log=LOG_91446674-3a37-4758-a9b5-d7824a0137a6_WS
2018-01-30 15:41:34,480 INFO d.LogDownloader [Thread-3] Getting log=LOG_3df65762-8aea-4ace-82a9-a98b2b79badf_WS, attempt n°=2/12
2018-01-30 15:41:34,483 INFO d.LogDownloader [Thread-4] Getting log=LOG_91446674-3a37-4758-a9b5-d7824a0137a6_WS, attempt n°=2/12
2018-01-30 15:41:34,485 INFO s.SOAPConsole [Thread-4] WebServiceRequest#ExportCatalogueFile: export log=LOG_91446674-3a37-4758-a9b5-d7824a0137a6_WS required from user=avonva in test environment
2018-01-30 15:41:34,512 INFO s.SOAPConsole [Thread-3] WebServiceRequest#ExportCatalogueFile: export log=LOG_3df65762-8aea-4ace-82a9-a98b2b79badf_WS required from user=avonva in test environment
2018-01-30 15:41:35,433 ERROR s.SOAPRequest [Thread-4] SOAPRequest#writeXmlIntoFile: No attachment found!
2018-01-30 15:41:35,434 INFO d.LogDownloader [Thread-4] Log=LOG_91446674-3a37-4758-a9b5-d7824a0137a6_WS not available yet in DCF
2018-01-30 15:41:35,434 INFO d.LogDownloader [Thread-4] Waiting 10.0 seconds and then retry to download log=LOG_91446674-3a37-4758-a9b5-d7824a0137a6_WS
2018-01-30 15:41:35,449 ERROR s.SOAPRequest [Thread-3] SOAPRequest#writeXmlIntoFile: No attachment found!
2018-01-30 15:41:35,449 INFO d.LogDownloader [Thread-3] Log=LOG_3df65762-8aea-4ace-82a9-a98b2b79badf_WS not available yet in DCF
2018-01-30 15:41:35,449 INFO d.LogDownloader [Thread-3] Waiting 10.0 seconds and then retry to download log=LOG_3df65762-8aea-4ace-82a9-a98b2b79badf_WS
2018-01-30 15:41:45,434 INFO d.LogDownloader [Thread-4] Getting log=LOG_91446674-3a37-4758-a9b5-d7824a0137a6_WS, attempt n°=3/12
2018-01-30 15:41:45,438 INFO s.SOAPConsole [Thread-4] WebServiceRequest#ExportCatalogueFile: export log=LOG_91446674-3a37-4758-a9b5-d7824a0137a6_WS required from user=avonva in test environment
2018-01-30 15:41:45,450 INFO d.LogDownloader [Thread-3] Getting log=LOG_3df65762-8aea-4ace-82a9-a98b2b79badf_WS, attempt n°=3/12
2018-01-30 15:41:45,452 INFO s.SOAPConsole [Thread-3] WebServiceRequest#ExportCatalogueFile: export log=LOG_3df65762-8aea-4ace-82a9-a98b2b79badf_WS required from user=avonva in test environment
2018-01-30 15:41:46,570 ERROR s.SOAPRequest [Thread-4] SOAPRequest#writeXmlIntoFile: No attachment found!
2018-01-30 15:41:46,571 INFO d.LogDownloader [Thread-4] Log=LOG_91446674-3a37-4758-a9b5-d7824a0137a6_WS not available yet in DCF
2018-01-30 15:41:46,571 INFO d.LogDownloader [Thread-4] Waiting 10.0 seconds and then retry to download log=LOG_91446674-3a37-4758-a9b5-d7824a0137a6_WS
2018-01-30 15:41:46,605 ERROR s.SOAPRequest [Thread-3] SOAPRequest#writeXmlIntoFile: No attachment found!
2018-01-30 15:41:46,605 INFO d.LogDownloader [Thread-3] Log=LOG_3df65762-8aea-4ace-82a9-a98b2b79badf_WS not available yet in DCF
2018-01-30 15:41:46,605 INFO d.LogDownloader [Thread-3] Waiting 10.0 seconds and then retry to download log=LOG_3df65762-8aea-4ace-82a9-a98b2b79badf_WS
2018-01-30 15:41:56,571 INFO d.LogDownloader [Thread-4] Getting log=LOG_91446674-3a37-4758-a9b5-d7824a0137a6_WS, attempt n°=4/12
2018-01-30 15:41:56,579 INFO s.SOAPConsole [Thread-4] WebServiceRequest#ExportCatalogueFile: export log=LOG_91446674-3a37-4758-a9b5-d7824a0137a6_WS required from user=avonva in test environment
2018-01-30 15:41:56,605 INFO d.LogDownloader [Thread-3] Getting log=LOG_3df65762-8aea-4ace-82a9-a98b2b79badf_WS, attempt n°=4/12
2018-01-30 15:41:56,609 INFO s.SOAPConsole [Thread-3] WebServiceRequest#ExportCatalogueFile: export log=LOG_3df65762-8aea-4ace-82a9-a98b2b79badf_WS required from user=avonva in test environment
2018-01-30 15:42:03,502 ERROR s.SOAPRequest [Thread-3] SOAPRequest#writeXmlIntoFile: No attachment found!
2018-01-30 15:42:03,502 INFO d.LogDownloader [Thread-3] Log=LOG_3df65762-8aea-4ace-82a9-a98b2b79badf_WS not available yet in DCF
2018-01-30 15:42:03,502 INFO d.LogDownloader [Thread-3] Waiting 10.0 seconds and then retry to download log=LOG_3df65762-8aea-4ace-82a9-a98b2b79badf_WS
2018-01-30 15:42:03,503 ERROR s.SOAPRequest [Thread-4] SOAPRequest#writeXmlIntoFile: No attachment found!
2018-01-30 15:42:03,504 INFO d.LogDownloader [Thread-4] Log=LOG_91446674-3a37-4758-a9b5-d7824a0137a6_WS not available yet in DCF
2018-01-30 15:42:03,504 INFO d.LogDownloader [Thread-4] Waiting 10.0 seconds and then retry to download log=LOG_91446674-3a37-4758-a9b5-d7824a0137a6_WS
2018-01-30 15:42:13,502 INFO d.LogDownloader [Thread-3] Getting log=LOG_3df65762-8aea-4ace-82a9-a98b2b79badf_WS, attempt n°=5/12
2018-01-30 15:42:13,504 INFO s.SOAPConsole [Thread-3] WebServiceRequest#ExportCatalogueFile: export log=LOG_3df65762-8aea-4ace-82a9-a98b2b79badf_WS required from user=avonva in test environment
2018-01-30 15:42:13,506 INFO d.LogDownloader [Thread-4] Getting log=LOG_91446674-3a37-4758-a9b5-d7824a0137a6_WS, attempt n°=5/12
2018-01-30 15:42:13,508 INFO s.SOAPConsole [Thread-4] WebServiceRequest#ExportCatalogueFile: export log=LOG_91446674-3a37-4758-a9b5-d7824a0137a6_WS required from user=avonva in test environment
2018-01-30 15:42:14,582 ERROR s.SOAPRequest [Thread-3] SOAPRequest#writeXmlIntoFile: No attachment found!
2018-01-30 15:42:14,583 INFO d.LogDownloader [Thread-3] Log=LOG_3df65762-8aea-4ace-82a9-a98b2b79badf_WS not available yet in DCF
2018-01-30 15:42:14,583 INFO d.LogDownloader [Thread-3] Waiting 10.0 seconds and then retry to download log=LOG_3df65762-8aea-4ace-82a9-a98b2b79badf_WS
2018-01-30 15:42:14,609 ERROR s.SOAPRequest [Thread-4] SOAPRequest#writeXmlIntoFile: No attachment found!
2018-01-30 15:42:14,609 INFO d.LogDownloader [Thread-4] Log=LOG_91446674-3a37-4758-a9b5-d7824a0137a6_WS not available yet in DCF
2018-01-30 15:42:14,609 INFO d.LogDownloader [Thread-4] Waiting 10.0 seconds and then retry to download log=LOG_91446674-3a37-4758-a9b5-d7824a0137a6_WS
