2018-01-29 16:56:33,177 INFO s.SOAPConsole [main] WebServiceRequest#GetCataloguesList required from user=avonva in test environment
2018-01-29 16:56:35,626 INFO s.SOAPConsole [main] WebServiceResponse#GetCataloguesList: response received
2018-01-29 16:56:35,643 INFO s.SOAPConsole [main] WebServiceRequest#GetDataset: datasetId=11753 required from user=avonva in test environment
2018-01-29 16:56:36,388 INFO s.SOAPConsole [main] WebServiceResponse#GetDataset: response received
2018-01-29 16:56:36,418 INFO s.SOAPConsole [main] WebServiceRequest#GetDatasetsList: dcCode=TSE.TEST required from user=avonva in test environment
2018-01-29 16:56:36,653 INFO s.SOAPConsole [main] WebServiceResponse#GetDatasetsList: response received
2018-01-29 16:56:36,660 INFO s.SOAPConsole [main] WebServiceRequest#GetAck: messageId=25053 required from user=avonva in test environment
2018-01-29 16:56:37,900 ERROR s.GetAck [main] No state found for message: 25053
2018-01-29 16:56:37,901 INFO s.SOAPConsole [main] WebServiceResponse#GetAck: response received
2018-01-29 16:56:37,919 INFO d.LogDownloader [main] Getting log=20180103_001_WS, attempt n°=1/10
2018-01-29 16:56:37,925 INFO s.SOAPConsole [main] WebServiceRequest#ExportCatalogueFile: export log=20180103_001_WS required from user=avonva in test environment
2018-01-29 16:56:45,228 ERROR s.SOAPRequest [main] SOAPRequest#writeXmlIntoFile: No attachment found!
2018-01-29 16:56:45,228 INFO d.LogDownloader [main] Log=20180103_001_WS not available yet in DCF
2018-01-29 16:56:45,229 INFO d.LogDownloader [main] Waiting 2.0 seconds and then retry to download log=20180103_001_WS
2018-01-29 16:56:47,229 INFO d.LogDownloader [main] Getting log=20180103_001_WS, attempt n°=2/10
2018-01-29 16:56:47,238 INFO s.SOAPConsole [main] WebServiceRequest#ExportCatalogueFile: export log=20180103_001_WS required from user=avonva in test environment
2018-01-29 16:56:49,018 ERROR s.SOAPRequest [main] SOAPRequest#writeXmlIntoFile: No attachment found!
2018-01-29 16:56:49,018 INFO d.LogDownloader [main] Log=20180103_001_WS not available yet in DCF
2018-01-29 16:56:49,018 INFO d.LogDownloader [main] Waiting 2.0 seconds and then retry to download log=20180103_001_WS
2018-01-29 16:56:51,019 INFO d.LogDownloader [main] Getting log=20180103_001_WS, attempt n°=3/10
2018-01-29 16:56:51,023 INFO s.SOAPConsole [main] WebServiceRequest#ExportCatalogueFile: export log=20180103_001_WS required from user=avonva in test environment
2018-01-29 16:56:52,065 ERROR s.SOAPRequest [main] SOAPRequest#writeXmlIntoFile: No attachment found!
2018-01-29 16:56:52,066 INFO d.LogDownloader [main] Log=20180103_001_WS not available yet in DCF
2018-01-29 16:56:52,066 INFO d.LogDownloader [main] Waiting 2.0 seconds and then retry to download log=20180103_001_WS
2018-01-29 16:56:54,066 INFO d.LogDownloader [main] Getting log=20180103_001_WS, attempt n°=4/10
2018-01-29 16:56:54,072 INFO s.SOAPConsole [main] WebServiceRequest#ExportCatalogueFile: export log=20180103_001_WS required from user=avonva in test environment
2018-01-29 16:56:55,216 ERROR s.SOAPRequest [main] SOAPRequest#writeXmlIntoFile: No attachment found!
2018-01-29 16:56:55,217 INFO d.LogDownloader [main] Log=20180103_001_WS not available yet in DCF
2018-01-29 16:56:55,217 INFO d.LogDownloader [main] Waiting 2.0 seconds and then retry to download log=20180103_001_WS
2018-01-29 16:56:57,217 INFO d.LogDownloader [main] Getting log=20180103_001_WS, attempt n°=5/10
2018-01-29 16:56:57,222 INFO s.SOAPConsole [main] WebServiceRequest#ExportCatalogueFile: export log=20180103_001_WS required from user=avonva in test environment
2018-01-29 16:56:58,300 ERROR s.SOAPRequest [main] SOAPRequest#writeXmlIntoFile: No attachment found!
2018-01-29 16:56:58,301 INFO d.LogDownloader [main] Log=20180103_001_WS not available yet in DCF
2018-01-29 16:56:58,301 INFO d.LogDownloader [main] Waiting 2.0 seconds and then retry to download log=20180103_001_WS
2018-01-29 16:57:00,301 INFO d.LogDownloader [main] Getting log=20180103_001_WS, attempt n°=6/10
2018-01-29 16:57:00,309 INFO s.SOAPConsole [main] WebServiceRequest#ExportCatalogueFile: export log=20180103_001_WS required from user=avonva in test environment
2018-01-29 16:57:01,349 ERROR s.SOAPRequest [main] SOAPRequest#writeXmlIntoFile: No attachment found!
2018-01-29 16:57:01,349 INFO d.LogDownloader [main] Log=20180103_001_WS not available yet in DCF
2018-01-29 16:57:01,350 INFO d.LogDownloader [main] Waiting 2.0 seconds and then retry to download log=20180103_001_WS
2018-01-29 16:57:03,350 INFO d.LogDownloader [main] Getting log=20180103_001_WS, attempt n°=7/10
2018-01-29 16:57:03,353 INFO s.SOAPConsole [main] WebServiceRequest#ExportCatalogueFile: export log=20180103_001_WS required from user=avonva in test environment
2018-01-29 16:57:04,290 ERROR s.SOAPRequest [main] SOAPRequest#writeXmlIntoFile: No attachment found!
2018-01-29 16:57:04,290 INFO d.LogDownloader [main] Log=20180103_001_WS not available yet in DCF
2018-01-29 16:57:04,291 INFO d.LogDownloader [main] Waiting 2.0 seconds and then retry to download log=20180103_001_WS
2018-01-29 16:57:06,291 INFO d.LogDownloader [main] Getting log=20180103_001_WS, attempt n°=8/10
2018-01-29 16:57:06,296 INFO s.SOAPConsole [main] WebServiceRequest#ExportCatalogueFile: export log=20180103_001_WS required from user=avonva in test environment
2018-01-29 16:57:07,574 ERROR s.SOAPRequest [main] SOAPRequest#writeXmlIntoFile: No attachment found!
2018-01-29 16:57:07,574 INFO d.LogDownloader [main] Log=20180103_001_WS not available yet in DCF
2018-01-29 16:57:07,575 INFO d.LogDownloader [main] Waiting 2.0 seconds and then retry to download log=20180103_001_WS
2018-01-29 16:57:09,575 INFO d.LogDownloader [main] Getting log=20180103_001_WS, attempt n°=9/10
2018-01-29 16:57:09,582 INFO s.SOAPConsole [main] WebServiceRequest#ExportCatalogueFile: export log=20180103_001_WS required from user=avonva in test environment
2018-01-29 16:57:10,676 ERROR s.SOAPRequest [main] SOAPRequest#writeXmlIntoFile: No attachment found!
2018-01-29 16:57:10,676 INFO d.LogDownloader [main] Log=20180103_001_WS not available yet in DCF
2018-01-29 16:57:10,677 INFO d.LogDownloader [main] Waiting 2.0 seconds and then retry to download log=20180103_001_WS
2018-01-29 16:57:12,677 INFO d.LogDownloader [main] Getting log=20180103_001_WS, attempt n°=10/10
2018-01-29 16:57:12,685 INFO s.SOAPConsole [main] WebServiceRequest#ExportCatalogueFile: export log=20180103_001_WS required from user=avonva in test environment
2018-01-29 16:57:13,725 ERROR s.SOAPRequest [main] SOAPRequest#writeXmlIntoFile: No attachment found!
2018-01-29 16:57:13,725 INFO d.LogDownloader [main] Log=20180103_001_WS not available yet in DCF
2018-01-29 16:57:13,736 INFO s.SOAPConsole [main] WebServiceRequest#Ping required from user=avonva in test environment
2018-01-29 16:57:14,732 INFO s.SOAPConsole [main] WebServiceResponse#Ping: response received
2018-01-29 16:57:14,747 INFO s.SOAPConsole [main] WebServiceRequest#GetDataCollectionsList required from user=avonva in test environment
2018-01-29 16:57:15,831 INFO s.SOAPConsole [main] WebServiceResponse#GetDataCollectionsList: response received
2018-01-29 16:57:15,842 INFO s.SOAPConsole [main] WebServiceRequest#GetResourcesList: dcCode=TSE.TEST required from user=avonva in test environment
2018-01-29 16:57:16,848 ERROR s.GetList [main] GetList: no return node was found in the soap response
2018-01-29 16:57:16,849 INFO s.SOAPConsole [main] WebServiceResponse#GetResourcesList: response received
