2018-01-30 15:43:08,156 INFO p.PendingRequest [Thread-3] Starting pending request=logCode=LOG_f9788ad6-87f5-479b-83a5-54b1f5cd1ba9_WS; status=WAITING; priority=HIGH; environment=TEST; requestor=avonva; requestType=UNRESERVE; data={reserveNote=first pending request, catalogue=ACTION}
2018-01-30 15:43:08,156 INFO p.PendingRequest [Thread-4] Starting pending request=logCode=LOG_eecc76b8-86d6-4991-ad41-7e78a76544a4_WS; status=WAITING; priority=HIGH; environment=TEST; requestor=avonva; requestType=UNRESERVE; data={reserveNote=second pending request, catalogue=MTX}
2018-01-30 15:43:08,164 INFO d.LogDownloader [Thread-3] Getting log=LOG_f9788ad6-87f5-479b-83a5-54b1f5cd1ba9_WS, attempt n°=1/12
2018-01-30 15:43:08,164 INFO d.LogDownloader [Thread-4] Getting log=LOG_eecc76b8-86d6-4991-ad41-7e78a76544a4_WS, attempt n°=1/12
2018-01-30 15:43:08,184 INFO s.SOAPConsole [Thread-4] WebServiceRequest#ExportCatalogueFile: export log=LOG_eecc76b8-86d6-4991-ad41-7e78a76544a4_WS required from user=avonva in test environment
2018-01-30 15:43:08,184 INFO s.SOAPConsole [Thread-3] WebServiceRequest#ExportCatalogueFile: export log=LOG_f9788ad6-87f5-479b-83a5-54b1f5cd1ba9_WS required from user=avonva in test environment
2018-01-30 15:43:15,998 ERROR s.SOAPRequest [Thread-3] SOAPRequest#writeXmlIntoFile: No attachment found!
2018-01-30 15:43:15,998 ERROR s.SOAPRequest [Thread-4] SOAPRequest#writeXmlIntoFile: No attachment found!
2018-01-30 15:43:15,999 INFO d.LogDownloader [Thread-3] Log=LOG_f9788ad6-87f5-479b-83a5-54b1f5cd1ba9_WS not available yet in DCF
2018-01-30 15:43:15,999 INFO d.LogDownloader [Thread-4] Log=LOG_eecc76b8-86d6-4991-ad41-7e78a76544a4_WS not available yet in DCF
2018-01-30 15:43:15,999 INFO d.LogDownloader [Thread-3] Waiting 10.0 seconds and then retry to download log=LOG_f9788ad6-87f5-479b-83a5-54b1f5cd1ba9_WS
2018-01-30 15:43:15,999 INFO d.LogDownloader [Thread-4] Waiting 10.0 seconds and then retry to download log=LOG_eecc76b8-86d6-4991-ad41-7e78a76544a4_WS
2018-01-30 15:43:25,999 INFO d.LogDownloader [Thread-3] Getting log=LOG_f9788ad6-87f5-479b-83a5-54b1f5cd1ba9_WS, attempt n°=2/12
2018-01-30 15:43:26,001 INFO s.SOAPConsole [Thread-3] WebServiceRequest#ExportCatalogueFile: export log=LOG_f9788ad6-87f5-479b-83a5-54b1f5cd1ba9_WS required from user=avonva in test environment
2018-01-30 15:43:26,026 INFO d.LogDownloader [Thread-4] Getting log=LOG_eecc76b8-86d6-4991-ad41-7e78a76544a4_WS, attempt n°=2/12
2018-01-30 15:43:26,048 INFO s.SOAPConsole [Thread-4] WebServiceRequest#ExportCatalogueFile: export log=LOG_eecc76b8-86d6-4991-ad41-7e78a76544a4_WS required from user=avonva in test environment
2018-01-30 15:43:27,138 ERROR s.SOAPRequest [Thread-3] SOAPRequest#writeXmlIntoFile: No attachment found!
2018-01-30 15:43:27,138 INFO d.LogDownloader [Thread-3] Log=LOG_f9788ad6-87f5-479b-83a5-54b1f5cd1ba9_WS not available yet in DCF
2018-01-30 15:43:27,138 INFO d.LogDownloader [Thread-3] Waiting 10.0 seconds and then retry to download log=LOG_f9788ad6-87f5-479b-83a5-54b1f5cd1ba9_WS
2018-01-30 15:43:27,162 ERROR s.SOAPRequest [Thread-4] SOAPRequest#writeXmlIntoFile: No attachment found!
2018-01-30 15:43:27,162 INFO d.LogDownloader [Thread-4] Log=LOG_eecc76b8-86d6-4991-ad41-7e78a76544a4_WS not available yet in DCF
2018-01-30 15:43:27,162 INFO d.LogDownloader [Thread-4] Waiting 10.0 seconds and then retry to download log=LOG_eecc76b8-86d6-4991-ad41-7e78a76544a4_WS
2018-01-30 15:43:37,138 INFO d.LogDownloader [Thread-3] Getting log=LOG_f9788ad6-87f5-479b-83a5-54b1f5cd1ba9_WS, attempt n°=3/12
2018-01-30 15:43:37,141 INFO s.SOAPConsole [Thread-3] WebServiceRequest#ExportCatalogueFile: export log=LOG_f9788ad6-87f5-479b-83a5-54b1f5cd1ba9_WS required from user=avonva in test environment
2018-01-30 15:43:37,175 INFO d.LogDownloader [Thread-4] Getting log=LOG_eecc76b8-86d6-4991-ad41-7e78a76544a4_WS, attempt n°=3/12
2018-01-30 15:43:37,183 INFO s.SOAPConsole [Thread-4] WebServiceRequest#ExportCatalogueFile: export log=LOG_eecc76b8-86d6-4991-ad41-7e78a76544a4_WS required from user=avonva in test environment
2018-01-30 15:43:38,257 ERROR s.SOAPRequest [Thread-3] SOAPRequest#writeXmlIntoFile: No attachment found!
2018-01-30 15:43:38,258 INFO d.LogDownloader [Thread-3] Log=LOG_f9788ad6-87f5-479b-83a5-54b1f5cd1ba9_WS not available yet in DCF
2018-01-30 15:43:38,258 INFO d.LogDownloader [Thread-3] Waiting 10.0 seconds and then retry to download log=LOG_f9788ad6-87f5-479b-83a5-54b1f5cd1ba9_WS
2018-01-30 15:43:38,291 ERROR s.SOAPRequest [Thread-4] SOAPRequest#writeXmlIntoFile: No attachment found!
2018-01-30 15:43:38,291 INFO d.LogDownloader [Thread-4] Log=LOG_eecc76b8-86d6-4991-ad41-7e78a76544a4_WS not available yet in DCF
2018-01-30 15:43:38,291 INFO d.LogDownloader [Thread-4] Waiting 10.0 seconds and then retry to download log=LOG_eecc76b8-86d6-4991-ad41-7e78a76544a4_WS
2018-01-30 15:43:48,258 INFO d.LogDownloader [Thread-3] Getting log=LOG_f9788ad6-87f5-479b-83a5-54b1f5cd1ba9_WS, attempt n°=4/12
2018-01-30 15:43:48,263 INFO s.SOAPConsole [Thread-3] WebServiceRequest#ExportCatalogueFile: export log=LOG_f9788ad6-87f5-479b-83a5-54b1f5cd1ba9_WS required from user=avonva in test environment
2018-01-30 15:43:48,292 INFO d.LogDownloader [Thread-4] Getting log=LOG_eecc76b8-86d6-4991-ad41-7e78a76544a4_WS, attempt n°=4/12
2018-01-30 15:43:48,294 INFO s.SOAPConsole [Thread-4] WebServiceRequest#ExportCatalogueFile: export log=LOG_eecc76b8-86d6-4991-ad41-7e78a76544a4_WS required from user=avonva in test environment
2018-01-30 15:43:55,371 ERROR s.SOAPRequest [Thread-4] SOAPRequest#writeXmlIntoFile: No attachment found!
2018-01-30 15:43:55,371 INFO d.LogDownloader [Thread-4] Log=LOG_eecc76b8-86d6-4991-ad41-7e78a76544a4_WS not available yet in DCF
2018-01-30 15:43:55,371 INFO d.LogDownloader [Thread-4] Waiting 10.0 seconds and then retry to download log=LOG_eecc76b8-86d6-4991-ad41-7e78a76544a4_WS
2018-01-30 15:43:55,374 ERROR s.SOAPRequest [Thread-3] SOAPRequest#writeXmlIntoFile: No attachment found!
2018-01-30 15:43:55,374 INFO d.LogDownloader [Thread-3] Log=LOG_f9788ad6-87f5-479b-83a5-54b1f5cd1ba9_WS not available yet in DCF
2018-01-30 15:43:55,375 INFO d.LogDownloader [Thread-3] Waiting 10.0 seconds and then retry to download log=LOG_f9788ad6-87f5-479b-83a5-54b1f5cd1ba9_WS
2018-01-30 15:44:05,371 INFO d.LogDownloader [Thread-4] Getting log=LOG_eecc76b8-86d6-4991-ad41-7e78a76544a4_WS, attempt n°=5/12
2018-01-30 15:44:05,375 INFO s.SOAPConsole [Thread-4] WebServiceRequest#ExportCatalogueFile: export log=LOG_eecc76b8-86d6-4991-ad41-7e78a76544a4_WS required from user=avonva in test environment
2018-01-30 15:44:05,377 INFO d.LogDownloader [Thread-3] Getting log=LOG_f9788ad6-87f5-479b-83a5-54b1f5cd1ba9_WS, attempt n°=5/12
2018-01-30 15:44:05,403 INFO s.SOAPConsole [Thread-3] WebServiceRequest#ExportCatalogueFile: export log=LOG_f9788ad6-87f5-479b-83a5-54b1f5cd1ba9_WS required from user=avonva in test environment
2018-01-30 15:44:06,468 ERROR s.SOAPRequest [Thread-3] SOAPRequest#writeXmlIntoFile: No attachment found!
2018-01-30 15:44:06,469 INFO d.LogDownloader [Thread-3] Log=LOG_f9788ad6-87f5-479b-83a5-54b1f5cd1ba9_WS not available yet in DCF
2018-01-30 15:44:06,469 INFO d.LogDownloader [Thread-3] Waiting 10.0 seconds and then retry to download log=LOG_f9788ad6-87f5-479b-83a5-54b1f5cd1ba9_WS
2018-01-30 15:44:06,477 ERROR s.SOAPRequest [Thread-4] SOAPRequest#writeXmlIntoFile: No attachment found!
2018-01-30 15:44:06,477 INFO d.LogDownloader [Thread-4] Log=LOG_eecc76b8-86d6-4991-ad41-7e78a76544a4_WS not available yet in DCF
2018-01-30 15:44:06,477 INFO d.LogDownloader [Thread-4] Waiting 10.0 seconds and then retry to download log=LOG_eecc76b8-86d6-4991-ad41-7e78a76544a4_WS
2018-01-30 15:44:16,469 INFO d.LogDownloader [Thread-3] Getting log=LOG_f9788ad6-87f5-479b-83a5-54b1f5cd1ba9_WS, attempt n°=6/12
2018-01-30 15:44:16,473 INFO s.SOAPConsole [Thread-3] WebServiceRequest#ExportCatalogueFile: export log=LOG_f9788ad6-87f5-479b-83a5-54b1f5cd1ba9_WS required from user=avonva in test environment
2018-01-30 15:44:16,481 INFO d.LogDownloader [Thread-4] Getting log=LOG_eecc76b8-86d6-4991-ad41-7e78a76544a4_WS, attempt n°=6/12
2018-01-30 15:44:16,483 INFO s.SOAPConsole [Thread-4] WebServiceRequest#ExportCatalogueFile: export log=LOG_eecc76b8-86d6-4991-ad41-7e78a76544a4_WS required from user=avonva in test environment
2018-01-30 15:44:17,407 ERROR s.SOAPRequest [Thread-4] SOAPRequest#writeXmlIntoFile: No attachment found!
2018-01-30 15:44:17,407 INFO d.LogDownloader [Thread-4] Log=LOG_eecc76b8-86d6-4991-ad41-7e78a76544a4_WS not available yet in DCF
2018-01-30 15:44:17,407 INFO d.LogDownloader [Thread-4] Waiting 10.0 seconds and then retry to download log=LOG_eecc76b8-86d6-4991-ad41-7e78a76544a4_WS
2018-01-30 15:44:17,409 ERROR s.SOAPRequest [Thread-3] SOAPRequest#writeXmlIntoFile: No attachment found!
2018-01-30 15:44:17,410 INFO d.LogDownloader [Thread-3] Log=LOG_f9788ad6-87f5-479b-83a5-54b1f5cd1ba9_WS not available yet in DCF
2018-01-30 15:44:17,410 INFO d.LogDownloader [Thread-3] Waiting 10.0 seconds and then retry to download log=LOG_f9788ad6-87f5-479b-83a5-54b1f5cd1ba9_WS
2018-01-30 15:44:27,407 INFO d.LogDownloader [Thread-4] Getting log=LOG_eecc76b8-86d6-4991-ad41-7e78a76544a4_WS, attempt n°=7/12
2018-01-30 15:44:27,410 INFO s.SOAPConsole [Thread-4] WebServiceRequest#ExportCatalogueFile: export log=LOG_eecc76b8-86d6-4991-ad41-7e78a76544a4_WS required from user=avonva in test environment
2018-01-30 15:44:27,412 INFO d.LogDownloader [Thread-3] Getting log=LOG_f9788ad6-87f5-479b-83a5-54b1f5cd1ba9_WS, attempt n°=7/12
2018-01-30 15:44:27,414 INFO s.SOAPConsole [Thread-3] WebServiceRequest#ExportCatalogueFile: export log=LOG_f9788ad6-87f5-479b-83a5-54b1f5cd1ba9_WS required from user=avonva in test environment
2018-01-30 15:44:34,456 ERROR s.SOAPRequest [Thread-3] SOAPRequest#writeXmlIntoFile: No attachment found!
2018-01-30 15:44:34,456 ERROR s.SOAPRequest [Thread-4] SOAPRequest#writeXmlIntoFile: No attachment found!
2018-01-30 15:44:34,456 INFO d.LogDownloader [Thread-4] Log=LOG_eecc76b8-86d6-4991-ad41-7e78a76544a4_WS not available yet in DCF
2018-01-30 15:44:34,456 INFO d.LogDownloader [Thread-4] Waiting 10.0 seconds and then retry to download log=LOG_eecc76b8-86d6-4991-ad41-7e78a76544a4_WS
2018-01-30 15:44:34,456 INFO d.LogDownloader [Thread-3] Log=LOG_f9788ad6-87f5-479b-83a5-54b1f5cd1ba9_WS not available yet in DCF
2018-01-30 15:44:34,456 INFO d.LogDownloader [Thread-3] Waiting 10.0 seconds and then retry to download log=LOG_f9788ad6-87f5-479b-83a5-54b1f5cd1ba9_WS
2018-01-30 15:44:44,456 INFO d.LogDownloader [Thread-4] Getting log=LOG_eecc76b8-86d6-4991-ad41-7e78a76544a4_WS, attempt n°=8/12
2018-01-30 15:44:44,458 INFO s.SOAPConsole [Thread-4] WebServiceRequest#ExportCatalogueFile: export log=LOG_eecc76b8-86d6-4991-ad41-7e78a76544a4_WS required from user=avonva in test environment
2018-01-30 15:44:44,460 INFO d.LogDownloader [Thread-3] Getting log=LOG_f9788ad6-87f5-479b-83a5-54b1f5cd1ba9_WS, attempt n°=8/12
2018-01-30 15:44:44,471 INFO s.SOAPConsole [Thread-3] WebServiceRequest#ExportCatalogueFile: export log=LOG_f9788ad6-87f5-479b-83a5-54b1f5cd1ba9_WS required from user=avonva in test environment
2018-01-30 15:44:45,597 ERROR s.SOAPRequest [Thread-4] SOAPRequest#writeXmlIntoFile: No attachment found!
2018-01-30 15:44:45,598 INFO d.LogDownloader [Thread-4] Log=LOG_eecc76b8-86d6-4991-ad41-7e78a76544a4_WS not available yet in DCF
2018-01-30 15:44:45,598 INFO d.LogDownloader [Thread-4] Waiting 10.0 seconds and then retry to download log=LOG_eecc76b8-86d6-4991-ad41-7e78a76544a4_WS
2018-01-30 15:44:45,625 ERROR s.SOAPRequest [Thread-3] SOAPRequest#writeXmlIntoFile: No attachment found!
2018-01-30 15:44:45,625 INFO d.LogDownloader [Thread-3] Log=LOG_f9788ad6-87f5-479b-83a5-54b1f5cd1ba9_WS not available yet in DCF
2018-01-30 15:44:45,625 INFO d.LogDownloader [Thread-3] Waiting 10.0 seconds and then retry to download log=LOG_f9788ad6-87f5-479b-83a5-54b1f5cd1ba9_WS
2018-01-30 15:44:55,598 INFO d.LogDownloader [Thread-4] Getting log=LOG_eecc76b8-86d6-4991-ad41-7e78a76544a4_WS, attempt n°=9/12
2018-01-30 15:44:55,600 INFO s.SOAPConsole [Thread-4] WebServiceRequest#ExportCatalogueFile: export log=LOG_eecc76b8-86d6-4991-ad41-7e78a76544a4_WS required from user=avonva in test environment
2018-01-30 15:44:55,625 INFO d.LogDownloader [Thread-3] Getting log=LOG_f9788ad6-87f5-479b-83a5-54b1f5cd1ba9_WS, attempt n°=9/12
2018-01-30 15:44:55,628 INFO s.SOAPConsole [Thread-3] WebServiceRequest#ExportCatalogueFile: export log=LOG_f9788ad6-87f5-479b-83a5-54b1f5cd1ba9_WS required from user=avonva in test environment
2018-01-30 15:44:56,554 ERROR s.SOAPRequest [Thread-4] SOAPRequest#writeXmlIntoFile: No attachment found!
2018-01-30 15:44:56,555 INFO d.LogDownloader [Thread-4] Log=LOG_eecc76b8-86d6-4991-ad41-7e78a76544a4_WS not available yet in DCF
2018-01-30 15:44:56,555 INFO d.LogDownloader [Thread-4] Waiting 10.0 seconds and then retry to download log=LOG_eecc76b8-86d6-4991-ad41-7e78a76544a4_WS
2018-01-30 15:44:56,561 ERROR s.SOAPRequest [Thread-3] SOAPRequest#writeXmlIntoFile: No attachment found!
2018-01-30 15:44:56,561 INFO d.LogDownloader [Thread-3] Log=LOG_f9788ad6-87f5-479b-83a5-54b1f5cd1ba9_WS not available yet in DCF
2018-01-30 15:44:56,561 INFO d.LogDownloader [Thread-3] Waiting 10.0 seconds and then retry to download log=LOG_f9788ad6-87f5-479b-83a5-54b1f5cd1ba9_WS
2018-01-30 15:45:06,555 INFO d.LogDownloader [Thread-4] Getting log=LOG_eecc76b8-86d6-4991-ad41-7e78a76544a4_WS, attempt n°=10/12
2018-01-30 15:45:06,561 INFO d.LogDownloader [Thread-3] Getting log=LOG_f9788ad6-87f5-479b-83a5-54b1f5cd1ba9_WS, attempt n°=10/12
2018-01-30 15:45:06,564 INFO s.SOAPConsole [Thread-4] WebServiceRequest#ExportCatalogueFile: export log=LOG_eecc76b8-86d6-4991-ad41-7e78a76544a4_WS required from user=avonva in test environment
2018-01-30 15:45:06,566 INFO s.SOAPConsole [Thread-3] WebServiceRequest#ExportCatalogueFile: export log=LOG_f9788ad6-87f5-479b-83a5-54b1f5cd1ba9_WS required from user=avonva in test environment
2018-01-30 15:45:13,671 ERROR s.SOAPRequest [Thread-4] SOAPRequest#writeXmlIntoFile: No attachment found!
2018-01-30 15:45:13,672 INFO d.LogDownloader [Thread-4] Log=LOG_eecc76b8-86d6-4991-ad41-7e78a76544a4_WS not available yet in DCF
2018-01-30 15:45:13,672 INFO d.LogDownloader [Thread-4] Waiting 10.0 seconds and then retry to download log=LOG_eecc76b8-86d6-4991-ad41-7e78a76544a4_WS
2018-01-30 15:45:13,686 ERROR s.SOAPRequest [Thread-3] SOAPRequest#writeXmlIntoFile: No attachment found!
2018-01-30 15:45:13,686 INFO d.LogDownloader [Thread-3] Log=LOG_f9788ad6-87f5-479b-83a5-54b1f5cd1ba9_WS not available yet in DCF
2018-01-30 15:45:13,686 INFO d.LogDownloader [Thread-3] Waiting 10.0 seconds and then retry to download log=LOG_f9788ad6-87f5-479b-83a5-54b1f5cd1ba9_WS
2018-01-30 15:45:23,672 INFO d.LogDownloader [Thread-4] Getting log=LOG_eecc76b8-86d6-4991-ad41-7e78a76544a4_WS, attempt n°=11/12
2018-01-30 15:45:23,685 INFO s.SOAPConsole [Thread-4] WebServiceRequest#ExportCatalogueFile: export log=LOG_eecc76b8-86d6-4991-ad41-7e78a76544a4_WS required from user=avonva in test environment
2018-01-30 15:45:23,687 INFO d.LogDownloader [Thread-3] Getting log=LOG_f9788ad6-87f5-479b-83a5-54b1f5cd1ba9_WS, attempt n°=11/12
2018-01-30 15:45:23,691 INFO s.SOAPConsole [Thread-3] WebServiceRequest#ExportCatalogueFile: export log=LOG_f9788ad6-87f5-479b-83a5-54b1f5cd1ba9_WS required from user=avonva in test environment
2018-01-30 15:45:24,800 ERROR s.SOAPRequest [Thread-4] SOAPRequest#writeXmlIntoFile: No attachment found!
2018-01-30 15:45:24,800 INFO d.LogDownloader [Thread-4] Log=LOG_eecc76b8-86d6-4991-ad41-7e78a76544a4_WS not available yet in DCF
2018-01-30 15:45:24,801 INFO d.LogDownloader [Thread-4] Waiting 10.0 seconds and then retry to download log=LOG_eecc76b8-86d6-4991-ad41-7e78a76544a4_WS
2018-01-30 15:45:24,987 ERROR s.SOAPRequest [Thread-3] SOAPRequest#writeXmlIntoFile: No attachment found!
2018-01-30 15:45:24,988 INFO d.LogDownloader [Thread-3] Log=LOG_f9788ad6-87f5-479b-83a5-54b1f5cd1ba9_WS not available yet in DCF
2018-01-30 15:45:24,988 INFO d.LogDownloader [Thread-3] Waiting 10.0 seconds and then retry to download log=LOG_f9788ad6-87f5-479b-83a5-54b1f5cd1ba9_WS
2018-01-30 15:45:34,801 INFO d.LogDownloader [Thread-4] Getting log=LOG_eecc76b8-86d6-4991-ad41-7e78a76544a4_WS, attempt n°=12/12
2018-01-30 15:45:34,804 INFO s.SOAPConsole [Thread-4] WebServiceRequest#ExportCatalogueFile: export log=LOG_eecc76b8-86d6-4991-ad41-7e78a76544a4_WS required from user=avonva in test environment
2018-01-30 15:45:34,988 INFO d.LogDownloader [Thread-3] Getting log=LOG_f9788ad6-87f5-479b-83a5-54b1f5cd1ba9_WS, attempt n°=12/12
2018-01-30 15:45:34,990 INFO s.SOAPConsole [Thread-3] WebServiceRequest#ExportCatalogueFile: export log=LOG_f9788ad6-87f5-479b-83a5-54b1f5cd1ba9_WS required from user=avonva in test environment
2018-01-30 15:45:35,842 ERROR s.SOAPRequest [Thread-4] SOAPRequest#writeXmlIntoFile: No attachment found!
2018-01-30 15:45:35,842 INFO d.LogDownloader [Thread-4] Log=LOG_eecc76b8-86d6-4991-ad41-7e78a76544a4_WS not available yet in DCF
2018-01-30 15:45:35,842 INFO p.PendingRequest [Thread-4] Downgrading priority of pending request=logCode=LOG_eecc76b8-86d6-4991-ad41-7e78a76544a4_WS; status=DOWNLOADING; priority=HIGH; environment=TEST; requestor=avonva; requestType=UNRESERVE; data={reserveNote=second pending request, catalogue=MTX}
2018-01-30 15:45:35,842 INFO d.LogDownloader [Thread-4] Getting log=LOG_eecc76b8-86d6-4991-ad41-7e78a76544a4_WS, attempt n°=1/12
2018-01-30 15:45:35,844 INFO s.SOAPConsole [Thread-4] WebServiceRequest#ExportCatalogueFile: export log=LOG_eecc76b8-86d6-4991-ad41-7e78a76544a4_WS required from user=avonva in test environment
2018-01-30 15:45:35,952 ERROR s.SOAPRequest [Thread-3] SOAPRequest#writeXmlIntoFile: No attachment found!
2018-01-30 15:45:35,952 INFO d.LogDownloader [Thread-3] Log=LOG_f9788ad6-87f5-479b-83a5-54b1f5cd1ba9_WS not available yet in DCF
2018-01-30 15:45:35,952 INFO p.PendingRequest [Thread-3] Downgrading priority of pending request=logCode=LOG_f9788ad6-87f5-479b-83a5-54b1f5cd1ba9_WS; status=DOWNLOADING; priority=HIGH; environment=TEST; requestor=avonva; requestType=UNRESERVE; data={reserveNote=first pending request, catalogue=ACTION}
2018-01-30 15:45:35,952 INFO d.LogDownloader [Thread-3] Getting log=LOG_f9788ad6-87f5-479b-83a5-54b1f5cd1ba9_WS, attempt n°=1/12
2018-01-30 15:45:35,954 INFO s.SOAPConsole [Thread-3] WebServiceRequest#ExportCatalogueFile: export log=LOG_f9788ad6-87f5-479b-83a5-54b1f5cd1ba9_WS required from user=avonva in test environment
2018-01-30 15:45:36,854 ERROR s.SOAPRequest [Thread-4] SOAPRequest#writeXmlIntoFile: No attachment found!
2018-01-30 15:45:36,854 INFO d.LogDownloader [Thread-4] Log=LOG_eecc76b8-86d6-4991-ad41-7e78a76544a4_WS not available yet in DCF
2018-01-30 15:45:36,855 INFO d.LogDownloader [Thread-4] Waiting 300.0 seconds and then retry to download log=LOG_eecc76b8-86d6-4991-ad41-7e78a76544a4_WS
2018-01-30 15:45:36,992 ERROR s.SOAPRequest [Thread-3] SOAPRequest#writeXmlIntoFile: No attachment found!
2018-01-30 15:45:36,993 INFO d.LogDownloader [Thread-3] Log=LOG_f9788ad6-87f5-479b-83a5-54b1f5cd1ba9_WS not available yet in DCF
2018-01-30 15:45:36,993 INFO d.LogDownloader [Thread-3] Waiting 300.0 seconds and then retry to download log=LOG_f9788ad6-87f5-479b-83a5-54b1f5cd1ba9_WS
